[2018-02-17 17:17:26.092] [exthost1] [info] extension host started
[2018-02-17 17:17:26.113] [exthost1] [info] ExtensionService#_doActivateExtension vscode.emmet {"startup":true,"activationEvent":"*"}
[2018-02-17 17:17:26.113] [exthost1] [info] ExtensionService#loadCommonJSModule /Applications/Visual Studio Code.app/Contents/Resources/app/extensions/emmet/out/extension
[2018-02-17 17:17:26.161] [exthost1] [info] ExtensionService#_doActivateExtension vscode.git {"startup":true,"activationEvent":"*"}
[2018-02-17 17:17:26.161] [exthost1] [info] ExtensionService#loadCommonJSModule /Applications/Visual Studio Code.app/Contents/Resources/app/extensions/git/out/main
[2018-02-17 17:17:26.221] [exthost1] [info] ExtensionService#_doActivateExtension vscode.merge-conflict {"startup":true,"activationEvent":"*"}
[2018-02-17 17:17:26.221] [exthost1] [info] ExtensionService#loadCommonJSModule /Applications/Visual Studio Code.app/Contents/Resources/app/extensions/merge-conflict/out/extension
[2018-02-17 17:17:26.232] [exthost1] [info] eager extensions activated
[2018-02-17 17:18:11.562] [exthost1] [info] extension host started
[2018-02-17 17:18:11.585] [exthost1] [info] ExtensionService#_doActivateExtension vscode.emmet {"startup":true,"activationEvent":"*"}
[2018-02-17 17:18:11.586] [exthost1] [info] ExtensionService#loadCommonJSModule /Applications/Visual Studio Code.app/Contents/Resources/app/extensions/emmet/out/extension
[2018-02-17 17:18:11.636] [exthost1] [info] ExtensionService#_doActivateExtension vscode.git {"startup":true,"activationEvent":"*"}
[2018-02-17 17:18:11.636] [exthost1] [info] ExtensionService#loadCommonJSModule /Applications/Visual Studio Code.app/Contents/Resources/app/extensions/git/out/main
[2018-02-17 17:18:11.693] [exthost1] [info] ExtensionService#_doActivateExtension vscode.merge-conflict {"startup":true,"activationEvent":"*"}
[2018-02-17 17:18:11.693] [exthost1] [info] ExtensionService#loadCommonJSModule /Applications/Visual Studio Code.app/Contents/Resources/app/extensions/merge-conflict/out/extension
[2018-02-17 17:18:11.706] [exthost1] [info] eager extensions activated
[2018-02-17 17:18:23.652] [exthost1] [info] ExtensionService#_doActivateExtension vscode.html {"startup":false,"activationEvent":"onLanguage:html"}
[2018-02-17 17:18:23.652] [exthost1] [info] ExtensionService#loadCommonJSModule /Applications/Visual Studio Code.app/Contents/Resources/app/extensions/html/client/out/htmlMain
[2018-02-17 17:20:11.407] [exthost1] [info] ExtensionService#_doActivateExtension vscode.extension-editing {"startup":false,"activationEvent":"onLanguage:typescript"}
[2018-02-17 17:20:11.407] [exthost1] [info] ExtensionService#loadCommonJSModule /Applications/Visual Studio Code.app/Contents/Resources/app/extensions/extension-editing/out/extension
[2018-02-17 17:20:11.422] [exthost1] [info] ExtensionService#_doActivateExtension vscode.typescript {"startup":false,"activationEvent":"onLanguage:typescript"}
[2018-02-17 17:20:11.422] [exthost1] [info] ExtensionService#loadCommonJSModule /Applications/Visual Studio Code.app/Contents/Resources/app/extensions/typescript/out/extension
[2018-02-17 17:20:11.470] [exthost1] [info] ExtensionService#_doActivateExtension eg2.tslint {"startup":false,"activationEvent":"onLanguage:typescript"}
[2018-02-17 17:20:11.470] [exthost1] [info] ExtensionService#loadCommonJSModule /Users/zhangkun/.vscode/extensions/eg2.tslint-1.0.27/out/extension
[2018-02-17 17:20:13.486] [exthost1] [info] ExtensionService#_doActivateExtension vscode.configuration-editing {"startup":false,"activationEvent":"onLanguage:jsonc"}
[2018-02-17 17:20:13.486] [exthost1] [info] ExtensionService#loadCommonJSModule /Applications/Visual Studio Code.app/Contents/Resources/app/extensions/configuration-editing/out/extension
[2018-02-17 17:20:13.497] [exthost1] [info] ExtensionService#_doActivateExtension vscode.json {"startup":false,"activationEvent":"onLanguage:jsonc"}
[2018-02-17 17:20:13.497] [exthost1] [info] ExtensionService#loadCommonJSModule /Applications/Visual Studio Code.app/Contents/Resources/app/extensions/json/client/out/jsonMain
[2018-02-17 20:46:41.452] [exthost1] [info] ExtensionService#_doActivateExtension vscode.javascript {"startup":false,"activationEvent":"onLanguage:javascript"}
[2018-02-17 20:46:41.452] [exthost1] [info] ExtensionService#loadCommonJSModule /Applications/Visual Studio Code.app/Contents/Resources/app/extensions/javascript/out/javascriptMain
